<?xml version="1.0" encoding="UTF-8"?>
<!-- Generated by org.testng.reporters.JUnitReportReporter -->
<testsuite hostname="Deepoo" failures="0" tests="4" name="com.inetBanking.TestCases.TC_Login_DataDrivenTest" time="33.813" errors="0" timestamp="2023-05-02T11:39:54 IST" skipped="0">
  <testcase classname="com.inetBanking.TestCases.TC_Login_DataDrivenTest" name="loginDDT" time="9.952"/>
  <system-out/>
  <testcase classname="com.inetBanking.TestCases.TC_Login_DataDrivenTest" name="loginDDT" time="7.561"/>
  <system-out/>
  <testcase classname="com.inetBanking.TestCases.TC_Login_DataDrivenTest" name="loginDDT" time="7.107"/>
  <system-out/>
  <testcase classname="com.inetBanking.TestCases.TC_Login_DataDrivenTest" name="loginDDT" time="9.193"/>
  <system-out/>
</testsuite> <!-- com.inetBanking.TestCases.TC_Login_DataDrivenTest -->
