<?xml version="1.0" encoding="UTF-8"?>
<!-- Generated by org.testng.reporters.JUnitReportReporter -->
<testsuite hostname="Deepoo" failures="0" tests="3" name="com.inetBanking.TestCases.TC_AddNewCustomerTest" time="33.944" errors="0" timestamp="2023-05-02T11:39:54 IST" skipped="0">
  <testcase classname="com.inetBanking.TestCases.TC_AddNewCustomerTest" name="AddNewCustInvalidDetails" time="14.085"/>
  <system-out/>
  <testcase classname="com.inetBanking.TestCases.TC_AddNewCustomerTest" name="AddNewCustBlankFields" time="10.091"/>
  <system-out/>
  <testcase classname="com.inetBanking.TestCases.TC_AddNewCustomerTest" name="addNewCustomerValidDetails" time="9.768"/>
  <system-out/>
</testsuite> <!-- com.inetBanking.TestCases.TC_AddNewCustomerTest -->
