<?xml version="1.0" encoding="UTF-8"?>
<!-- Generated by org.testng.reporters.JUnitReportReporter -->
<testsuite hostname="Deepoo" failures="0" tests="1" name="com.inetBanking.TestCases.TC_LoginTest" time="8.104" errors="0" timestamp="2023-05-02T11:39:54 IST" skipped="0">
  <testcase classname="com.inetBanking.TestCases.TC_LoginTest" name="loginTest" time="8.104"/>
  <system-out/>
</testsuite> <!-- com.inetBanking.TestCases.TC_LoginTest -->
