<?xml version="1.0" encoding="UTF-8"?>
<!-- Generated by org.testng.reporters.JUnitReportReporter -->
<testsuite hostname="Deepoo" failures="0" tests="1" name="com.inetBanking.TestCases.TC_AddNewCustomerTest" time="14.340" errors="0" timestamp="2023-05-01T11:02:49 IST" skipped="0">
  <testcase classname="com.inetBanking.TestCases.TC_AddNewCustomerTest" name="addNewCustomer" time="14.340"/>
  <system-out/>
</testsuite> <!-- com.inetBanking.TestCases.TC_AddNewCustomerTest -->
